TN:
SF:C:\Users\x\Desktop\mui2\angular-starter-master\src\tmp\app\todolist\completed-filter.pipe.ts
FN:9,(anonymous_2)
FN:9,CompletedFilterPipe
FN:10,(anonymous_4)
FNF:3
FNH:3
FNDA:1,(anonymous_2)
FNDA:5,CompletedFilterPipe
FNDA:7,(anonymous_4)
DA:1,1
DA:2,1
DA:9,2
DA:10,1
DA:11,7
DA:12,6
DA:15,1
DA:17,1
LF:8
LH:8
BRDA:11,1,0,6
BRDA:11,1,1,1
BRF:2
BRH:2
end_of_record
TN:
SF:C:\Users\x\Desktop\mui2\angular-starter-master\src\tmp\app\todolist\todo.model.ts
FN:1,(anonymous_1)
FN:9,Todo
FN:5,(anonymous_3)
FN:14,(anonymous_4)
FNF:4
FNH:4
FNDA:1,(anonymous_1)
FNDA:13,Todo
FNDA:1,(anonymous_3)
FNDA:1,(anonymous_4)
DA:1,1
DA:5,1
DA:6,1
DA:9,16
DA:10,13
DA:11,13
DA:14,1
DA:15,1
DA:16,1
DA:18,1
LF:10
LH:10
BRDA:9,1,0,3
BRDA:9,1,1,10
BRF:2
BRH:2
end_of_record
TN:
SF:C:\Users\x\Desktop\mui2\angular-starter-master\src\tmp\app\app.component.ts
FN:10,(anonymous_3)
FN:13,AppComponent
FNF:2
FNH:2
FNDA:1,(anonymous_3)
FNDA:1,AppComponent
DA:1,1
DA:3,1
DA:10,1
DA:13,1
DA:14,1
DA:16,1
LF:6
LH:6
BRF:0
BRH:0
end_of_record
TN:
SF:C:\Users\x\Desktop\mui2\angular-starter-master\src\tmp\app\shared\index.ts
FNF:0
FNH:0
DA:1,1
DA:2,1
LF:2
LH:2
BRF:0
BRH:0
end_of_record
TN:
SF:C:\Users\x\Desktop\mui2\angular-starter-master\src\tmp\app\shared\constant\index.ts
FNF:0
FNH:0
DA:1,1
DA:2,1
DA:4,1
LF:3
LH:3
BRF:0
BRH:0
end_of_record
TN:
SF:C:\Users\x\Desktop\mui2\angular-starter-master\src\tmp\app\shared\constant\main.ts
FNF:0
FNH:0
DA:1,1
LF:1
LH:1
BRF:0
BRH:0
end_of_record
TN:
SF:C:\Users\x\Desktop\mui2\angular-starter-master\src\tmp\app\shared\constant\env.ts
FNF:0
FNH:0
DA:14,1
LF:1
LH:1
BRF:0
BRH:0
end_of_record
TN:
SF:C:\Users\x\Desktop\mui2\angular-starter-master\src\tmp\app\shared\navbar\index.ts
FNF:0
FNH:0
DA:1,1
DA:2,1
LF:2
LH:2
BRF:0
BRH:0
end_of_record
TN:
SF:C:\Users\x\Desktop\mui2\angular-starter-master\src\tmp\app\shared\navbar\navbar.component.ts
FN:9,(anonymous_3)
FN:9,NavbarComponent
FNF:2
FNH:2
FNDA:1,(anonymous_3)
FNDA:1,NavbarComponent
DA:1,1
DA:9,2
DA:10,1
DA:11,1
LF:4
LH:4
BRF:0
BRH:0
end_of_record
TN:
SF:C:\Users\x\Desktop\mui2\angular-starter-master\src\tmp\app\shared\navbar\navbar.module.ts
FN:17,(anonymous_2)
FN:17,NavbarModule
FNF:2
FNH:1
FNDA:1,(anonymous_2)
FNDA:0,NavbarModule
DA:1,1
DA:2,1
DA:4,1
DA:17,2
DA:18,1
LF:5
LH:5
BRF:0
BRH:0
end_of_record
TN:
SF:C:\Users\x\Desktop\mui2\angular-starter-master\src\tmp\app\todolist\index.ts
FNF:0
FNH:0
DA:1,1
DA:2,1
DA:3,1
DA:4,1
DA:5,1
LF:5
LH:5
BRF:0
BRH:0
end_of_record
TN:
SF:C:\Users\x\Desktop\mui2\angular-starter-master\src\tmp\app\todolist\todolist.component.ts
FN:10,(anonymous_3)
FN:15,TodolistComponent
FN:24,(anonymous_5)
FN:29,(anonymous_6)
FN:31,(anonymous_7)
FNF:5
FNH:5
FNDA:1,(anonymous_3)
FNDA:3,TodolistComponent
FNDA:1,(anonymous_5)
FNDA:1,(anonymous_6)
FNDA:2,(anonymous_7)
DA:1,1
DA:3,1
DA:10,1
DA:15,1
DA:16,3
DA:17,3
DA:18,3
DA:24,1
DA:25,1
DA:26,1
DA:29,1
DA:30,1
DA:31,2
DA:33,1
LF:14
LH:14
BRF:0
BRH:0
end_of_record
TN:
SF:C:\Users\x\Desktop\mui2\angular-starter-master\src\tmp\app\todolist\todolist.routes.ts
FNF:0
FNH:0
DA:1,1
DA:3,1
DA:5,1
DA:9,1
LF:4
LH:4
BRF:0
BRH:0
end_of_record
TN:
SF:C:\Users\x\Desktop\mui2\angular-starter-master\src\tmp\app\todolist\todolist.module.ts
FN:23,(anonymous_2)
FN:23,TodolistModule
FNF:2
FNH:2
FNDA:1,(anonymous_2)
FNDA:3,TodolistModule
DA:1,1
DA:2,1
DA:4,1
DA:5,1
DA:23,2
DA:24,1
LF:6
LH:6
BRF:0
BRH:0
end_of_record
