{
"C:\\Users\\x\\Desktop\\mui2\\angular-starter-master\\src\\tmp\\app\\todolist\\completed-filter.pipe.js":{"path":"C:\\Users\\x\\Desktop\\mui2\\angular-starter-master\\src\\tmp\\app\\todolist\\completed-filter.pipe.js","s":{"1":1,"2":1,"3":1,"4":0,"5":1,"6":1,"7":1,"8":1,"9":1,"10":1,"11":1,"12":1,"13":1,"14":1,"15":7,"16":6,"17":1,"18":1,"19":1,"20":1},"b":{"1":[1,1,1],"2":[1,0],"3":[0,0],"4":[0,1],"5":[1,1],"6":[1,0],"7":[1,0],"8":[1,0],"9":[0,0],"10":[1,0,0],"11":[6,1]},"f":{"1":1,"2":1,"3":5,"4":7},"fnMap":{"1":{"name":"(anonymous_1)","line":2,"loc":{"start":{"line":2,"column":46},"end":{"line":2,"column":87}}},"2":{"name":"(anonymous_2)","line":11,"loc":{"start":{"line":11,"column":27},"end":{"line":11,"column":39}}},"3":{"name":"CompletedFilterPipe","line":12,"loc":{"start":{"line":12,"column":4},"end":{"line":12,"column":35}}},"4":{"name":"(anonymous_4)","line":14,"loc":{"start":{"line":14,"column":46},"end":{"line":14,"column":69}}}},"statementMap":{"1":{"start":{"line":2,"column":0},"end":{"line":7,"column":2}},"2":{"start":{"line":3,"column":4},"end":{"line":3,"column":129}},"3":{"start":{"line":4,"column":4},"end":{"line":5,"column":150}},"4":{"start":{"line":4,"column":79},"end":{"line":4,"column":131}},"5":{"start":{"line":5,"column":9},"end":{"line":5,"column":150}},"6":{"start":{"line":5,"column":58},"end":{"line":5,"column":150}},"7":{"start":{"line":5,"column":81},"end":{"line":5,"column":150}},"8":{"start":{"line":6,"column":4},"end":{"line":6,"column":66}},"9":{"start":{"line":8,"column":0},"end":{"line":8,"column":62}},"10":{"start":{"line":9,"column":0},"end":{"line":9,"column":38}},"11":{"start":{"line":10,"column":0},"end":{"line":10,"column":33}},"12":{"start":{"line":11,"column":0},"end":{"line":21,"column":5}},"13":{"start":{"line":12,"column":4},"end":{"line":13,"column":5}},"14":{"start":{"line":14,"column":4},"end":{"line":19,"column":6}},"15":{"start":{"line":15,"column":8},"end":{"line":17,"column":9}},"16":{"start":{"line":16,"column":12},"end":{"line":16,"column":25}},"17":{"start":{"line":18,"column":8},"end":{"line":18,"column":54}},"18":{"start":{"line":20,"column":4},"end":{"line":20,"column":31}},"19":{"start":{"line":22,"column":0},"end":{"line":26,"column":24}},"20":{"start":{"line":27,"column":0},"end":{"line":27,"column":50}}},"branchMap":{"1":{"line":2,"type":"binary-expr","locations":[{"start":{"line":2,"column":18},"end":{"line":2,"column":22}},{"start":{"line":2,"column":26},"end":{"line":2,"column":41}},{"start":{"line":2,"column":46},"end":{"line":7,"column":1}}]},"2":{"line":3,"type":"cond-expr","locations":[{"start":{"line":3,"column":42},"end":{"line":3,"column":48}},{"start":{"line":3,"column":51},"end":{"line":3,"column":125}}]},"3":{"line":3,"type":"cond-expr","locations":[{"start":{"line":3,"column":67},"end":{"line":3,"column":118}},{"start":{"line":3,"column":121},"end":{"line":3,"column":125}}]},"4":{"line":4,"type":"if","locations":[{"start":{"line":4,"column":4},"end":{"line":4,"column":4}},{"start":{"line":4,"column":4},"end":{"line":4,"column":4}}]},"5":{"line":4,"type":"binary-expr","locations":[{"start":{"line":4,"column":8},"end":{"line":4,"column":35}},{"start":{"line":4,"column":39},"end":{"line":4,"column":77}}]},"6":{"line":5,"type":"if","locations":[{"start":{"line":5,"column":58},"end":{"line":5,"column":58}},{"start":{"line":5,"column":58},"end":{"line":5,"column":58}}]},"7":{"line":5,"type":"binary-expr","locations":[{"start":{"line":5,"column":86},"end":{"line":5,"column":143}},{"start":{"line":5,"column":148},"end":{"line":5,"column":149}}]},"8":{"line":5,"type":"cond-expr","locations":[{"start":{"line":5,"column":94},"end":{"line":5,"column":98}},{"start":{"line":5,"column":101},"end":{"line":5,"column":143}}]},"9":{"line":5,"type":"cond-expr","locations":[{"start":{"line":5,"column":109},"end":{"line":5,"column":126}},{"start":{"line":5,"column":129},"end":{"line":5,"column":143}}]},"10":{"line":6,"type":"binary-expr","locations":[{"start":{"line":6,"column":11},"end":{"line":6,"column":16}},{"start":{"line":6,"column":20},"end":{"line":6,"column":21}},{"start":{"line":6,"column":25},"end":{"line":6,"column":62}}]},"11":{"line":15,"type":"if","locations":[{"start":{"line":15,"column":8},"end":{"line":15,"column":8}},{"start":{"line":15,"column":8},"end":{"line":15,"column":8}}]}},"l":{"2":1,"3":1,"4":1,"5":1,"6":1,"8":1,"9":1,"10":1,"11":1,"12":1,"14":1,"15":7,"16":6,"18":1,"20":1,"22":1,"27":1}},
"C:\\Users\\x\\Desktop\\mui2\\angular-starter-master\\src\\tmp\\app\\todolist\\todo.model.js":{"path":"C:\\Users\\x\\Desktop\\mui2\\angular-starter-master\\src\\tmp\\app\\todolist\\todo.model.js","s":{"1":1,"2":1,"3":1,"4":13,"5":3,"6":13,"7":13,"8":1,"9":1,"10":1,"11":1,"12":1,"13":1,"14":1},"b":{"1":[3,10]},"f":{"1":1,"2":13,"3":1,"4":1},"fnMap":{"1":{"name":"(anonymous_1)","line":3,"loc":{"start":{"line":3,"column":12},"end":{"line":3,"column":24}}},"2":{"name":"Todo","line":4,"loc":{"start":{"line":4,"column":4},"end":{"line":4,"column":30}}},"3":{"name":"(anonymous_3)","line":9,"loc":{"start":{"line":9,"column":17},"end":{"line":9,"column":33}}},"4":{"name":"(anonymous_4)","line":12,"loc":{"start":{"line":12,"column":27},"end":{"line":12,"column":39}}}},"statementMap":{"1":{"start":{"line":2,"column":0},"end":{"line":2,"column":62}},"2":{"start":{"line":3,"column":0},"end":{"line":17,"column":5}},"3":{"start":{"line":4,"column":4},"end":{"line":8,"column":5}},"4":{"start":{"line":5,"column":8},"end":{"line":5,"column":46}},"5":{"start":{"line":5,"column":31},"end":{"line":5,"column":44}},"6":{"start":{"line":6,"column":8},"end":{"line":6,"column":25}},"7":{"start":{"line":7,"column":8},"end":{"line":7,"column":25}},"8":{"start":{"line":9,"column":4},"end":{"line":11,"column":6}},"9":{"start":{"line":10,"column":8},"end":{"line":10,"column":46}},"10":{"start":{"line":12,"column":4},"end":{"line":15,"column":6}},"11":{"start":{"line":13,"column":8},"end":{"line":13,"column":23}},"12":{"start":{"line":14,"column":8},"end":{"line":14,"column":26}},"13":{"start":{"line":16,"column":4},"end":{"line":16,"column":16}},"14":{"start":{"line":18,"column":0},"end":{"line":18,"column":20}}},"branchMap":{"1":{"line":5,"type":"if","locations":[{"start":{"line":5,"column":8},"end":{"line":5,"column":8}},{"start":{"line":5,"column":8},"end":{"line":5,"column":8}}]}},"l":{"2":1,"3":1,"4":1,"5":13,"6":13,"7":13,"9":1,"10":1,"12":1,"13":1,"14":1,"16":1,"18":1}},
"C:\\Users\\x\\Desktop\\mui2\\angular-starter-master\\src\\tmp\\app\\app.component.js":{"path":"C:\\Users\\x\\Desktop\\mui2\\angular-starter-master\\src\\tmp\\app\\app.component.js","s":{"1":1,"2":1,"3":1,"4":0,"5":1,"6":2,"7":2,"8":1,"9":1,"10":1,"11":1,"12":1,"13":1,"14":1,"15":1,"16":1,"17":1,"18":1,"19":1,"20":1},"b":{"1":[1,1,1],"2":[1,0],"3":[0,0],"4":[0,1],"5":[1,1],"6":[2,0],"7":[2,1],"8":[2,0],"9":[0,0],"10":[1,0,0],"11":[1,1,1],"12":[1,0],"13":[1,1]},"f":{"1":1,"2":1,"3":1,"4":1},"fnMap":{"1":{"name":"(anonymous_1)","line":2,"loc":{"start":{"line":2,"column":46},"end":{"line":2,"column":87}}},"2":{"name":"(anonymous_2)","line":8,"loc":{"start":{"line":8,"column":46},"end":{"line":8,"column":62}}},"3":{"name":"(anonymous_3)","line":14,"loc":{"start":{"line":14,"column":20},"end":{"line":14,"column":32}}},"4":{"name":"AppComponent","line":15,"loc":{"start":{"line":15,"column":4},"end":{"line":15,"column":28}}}},"statementMap":{"1":{"start":{"line":2,"column":0},"end":{"line":7,"column":2}},"2":{"start":{"line":3,"column":4},"end":{"line":3,"column":129}},"3":{"start":{"line":4,"column":4},"end":{"line":5,"column":150}},"4":{"start":{"line":4,"column":79},"end":{"line":4,"column":131}},"5":{"start":{"line":5,"column":9},"end":{"line":5,"column":150}},"6":{"start":{"line":5,"column":58},"end":{"line":5,"column":150}},"7":{"start":{"line":5,"column":81},"end":{"line":5,"column":150}},"8":{"start":{"line":6,"column":4},"end":{"line":6,"column":66}},"9":{"start":{"line":8,"column":0},"end":{"line":10,"column":2}},"10":{"start":{"line":9,"column":4},"end":{"line":9,"column":109}},"11":{"start":{"line":9,"column":79},"end":{"line":9,"column":109}},"12":{"start":{"line":11,"column":0},"end":{"line":11,"column":62}},"13":{"start":{"line":12,"column":0},"end":{"line":12,"column":38}},"14":{"start":{"line":13,"column":0},"end":{"line":13,"column":35}},"15":{"start":{"line":14,"column":0},"end":{"line":19,"column":5}},"16":{"start":{"line":15,"column":4},"end":{"line":17,"column":5}},"17":{"start":{"line":16,"column":8},"end":{"line":16,"column":58}},"18":{"start":{"line":18,"column":4},"end":{"line":18,"column":24}},"19":{"start":{"line":20,"column":0},"end":{"line":27,"column":17}},"20":{"start":{"line":28,"column":0},"end":{"line":28,"column":36}}},"branchMap":{"1":{"line":2,"type":"binary-expr","locations":[{"start":{"line":2,"column":18},"end":{"line":2,"column":22}},{"start":{"line":2,"column":26},"end":{"line":2,"column":41}},{"start":{"line":2,"column":46},"end":{"line":7,"column":1}}]},"2":{"line":3,"type":"cond-expr","locations":[{"start":{"line":3,"column":42},"end":{"line":3,"column":48}},{"start":{"line":3,"column":51},"end":{"line":3,"column":125}}]},"3":{"line":3,"type":"cond-expr","locations":[{"start":{"line":3,"column":67},"end":{"line":3,"column":118}},{"start":{"line":3,"column":121},"end":{"line":3,"column":125}}]},"4":{"line":4,"type":"if","locations":[{"start":{"line":4,"column":4},"end":{"line":4,"column":4}},{"start":{"line":4,"column":4},"end":{"line":4,"column":4}}]},"5":{"line":4,"type":"binary-expr","locations":[{"start":{"line":4,"column":8},"end":{"line":4,"column":35}},{"start":{"line":4,"column":39},"end":{"line":4,"column":77}}]},"6":{"line":5,"type":"if","locations":[{"start":{"line":5,"column":58},"end":{"line":5,"column":58}},{"start":{"line":5,"column":58},"end":{"line":5,"column":58}}]},"7":{"line":5,"type":"binary-expr","locations":[{"start":{"line":5,"column":86},"end":{"line":5,"column":143}},{"start":{"line":5,"column":148},"end":{"line":5,"column":149}}]},"8":{"line":5,"type":"cond-expr","locations":[{"start":{"line":5,"column":94},"end":{"line":5,"column":98}},{"start":{"line":5,"column":101},"end":{"line":5,"column":143}}]},"9":{"line":5,"type":"cond-expr","locations":[{"start":{"line":5,"column":109},"end":{"line":5,"column":126}},{"start":{"line":5,"column":129},"end":{"line":5,"column":143}}]},"10":{"line":6,"type":"binary-expr","locations":[{"start":{"line":6,"column":11},"end":{"line":6,"column":16}},{"start":{"line":6,"column":20},"end":{"line":6,"column":21}},{"start":{"line":6,"column":25},"end":{"line":6,"column":62}}]},"11":{"line":8,"type":"binary-expr","locations":[{"start":{"line":8,"column":18},"end":{"line":8,"column":22}},{"start":{"line":8,"column":26},"end":{"line":8,"column":41}},{"start":{"line":8,"column":46},"end":{"line":10,"column":1}}]},"12":{"line":9,"type":"if","locations":[{"start":{"line":9,"column":4},"end":{"line":9,"column":4}},{"start":{"line":9,"column":4},"end":{"line":9,"column":4}}]},"13":{"line":9,"type":"binary-expr","locations":[{"start":{"line":9,"column":8},"end":{"line":9,"column":35}},{"start":{"line":9,"column":39},"end":{"line":9,"column":77}}]}},"l":{"2":1,"3":1,"4":1,"5":2,"6":1,"8":1,"9":1,"11":1,"12":1,"13":1,"14":1,"15":1,"16":1,"18":1,"20":1,"28":1}},
"C:\\Users\\x\\Desktop\\mui2\\angular-starter-master\\src\\tmp\\app\\shared\\index.js":{"path":"C:\\Users\\x\\Desktop\\mui2\\angular-starter-master\\src\\tmp\\app\\shared\\index.js","s":{"1":1,"2":2,"3":3,"4":3,"5":1,"6":1,"7":1},"b":{"1":[3,0]},"f":{"1":2},"fnMap":{"1":{"name":"__export","line":2,"loc":{"start":{"line":2,"column":0},"end":{"line":2,"column":21}}}},"statementMap":{"1":{"start":{"line":2,"column":0},"end":{"line":4,"column":1}},"2":{"start":{"line":3,"column":4},"end":{"line":3,"column":71}},"3":{"start":{"line":3,"column":21},"end":{"line":3,"column":71}},"4":{"start":{"line":3,"column":53},"end":{"line":3,"column":71}},"5":{"start":{"line":5,"column":0},"end":{"line":5,"column":62}},"6":{"start":{"line":6,"column":0},"end":{"line":6,"column":38}},"7":{"start":{"line":7,"column":0},"end":{"line":7,"column":36}}},"branchMap":{"1":{"line":3,"type":"if","locations":[{"start":{"line":3,"column":21},"end":{"line":3,"column":21}},{"start":{"line":3,"column":21},"end":{"line":3,"column":21}}]}},"l":{"2":1,"3":3,"5":1,"6":1,"7":1}},
"C:\\Users\\x\\Desktop\\mui2\\angular-starter-master\\src\\tmp\\app\\shared\\constant\\index.js":{"path":"C:\\Users\\x\\Desktop\\mui2\\angular-starter-master\\src\\tmp\\app\\shared\\constant\\index.js","s":{"1":1,"2":1,"3":1,"4":1},"b":{},"f":{},"fnMap":{},"statementMap":{"1":{"start":{"line":2,"column":0},"end":{"line":2,"column":62}},"2":{"start":{"line":3,"column":0},"end":{"line":3,"column":31}},"3":{"start":{"line":4,"column":0},"end":{"line":4,"column":29}},"4":{"start":{"line":5,"column":0},"end":{"line":8,"column":2}}},"branchMap":{},"l":{"2":1,"3":1,"4":1,"5":1}},
"C:\\Users\\x\\Desktop\\mui2\\angular-starter-master\\src\\tmp\\app\\shared\\constant\\main.js":{"path":"C:\\Users\\x\\Desktop\\mui2\\angular-starter-master\\src\\tmp\\app\\shared\\constant\\main.js","s":{"1":1,"2":1},"b":{},"f":{},"fnMap":{},"statementMap":{"1":{"start":{"line":2,"column":0},"end":{"line":2,"column":62}},"2":{"start":{"line":3,"column":0},"end":{"line":7,"column":2}}},"branchMap":{},"l":{"2":1,"3":1}},
"C:\\Users\\x\\Desktop\\mui2\\angular-starter-master\\src\\tmp\\app\\shared\\constant\\env.js":{"path":"C:\\Users\\x\\Desktop\\mui2\\angular-starter-master\\src\\tmp\\app\\shared\\constant\\env.js","s":{"1":1,"2":1},"b":{},"f":{},"fnMap":{},"statementMap":{"1":{"start":{"line":12,"column":0},"end":{"line":12,"column":62}},"2":{"start":{"line":13,"column":0},"end":{"line":13,"column":17}}},"branchMap":{},"l":{"12":1,"13":1}},
"C:\\Users\\x\\Desktop\\mui2\\angular-starter-master\\src\\tmp\\app\\shared\\navbar\\index.js":{"path":"C:\\Users\\x\\Desktop\\mui2\\angular-starter-master\\src\\tmp\\app\\shared\\navbar\\index.js","s":{"1":1,"2":2,"3":2,"4":2,"5":1,"6":1,"7":1},"b":{"1":[2,0]},"f":{"1":2},"fnMap":{"1":{"name":"__export","line":2,"loc":{"start":{"line":2,"column":0},"end":{"line":2,"column":21}}}},"statementMap":{"1":{"start":{"line":2,"column":0},"end":{"line":4,"column":1}},"2":{"start":{"line":3,"column":4},"end":{"line":3,"column":71}},"3":{"start":{"line":3,"column":21},"end":{"line":3,"column":71}},"4":{"start":{"line":3,"column":53},"end":{"line":3,"column":71}},"5":{"start":{"line":5,"column":0},"end":{"line":5,"column":62}},"6":{"start":{"line":6,"column":0},"end":{"line":6,"column":40}},"7":{"start":{"line":7,"column":0},"end":{"line":7,"column":37}}},"branchMap":{"1":{"line":3,"type":"if","locations":[{"start":{"line":3,"column":21},"end":{"line":3,"column":21}},{"start":{"line":3,"column":21},"end":{"line":3,"column":21}}]}},"l":{"2":1,"3":2,"5":1,"6":1,"7":1}},
"C:\\Users\\x\\Desktop\\mui2\\angular-starter-master\\src\\tmp\\app\\shared\\navbar\\navbar.component.js":{"path":"C:\\Users\\x\\Desktop\\mui2\\angular-starter-master\\src\\tmp\\app\\shared\\navbar\\navbar.component.js","s":{"1":1,"2":2,"3":2,"4":0,"5":2,"6":3,"7":3,"8":2,"9":1,"10":1,"11":1,"12":1,"13":1,"14":1,"15":1,"16":1,"17":1,"18":1,"19":1},"b":{"1":[1,1,1],"2":[1,1],"3":[0,1],"4":[0,2],"5":[2,2],"6":[3,0],"7":[3,2],"8":[1,2],"9":[2,0],"10":[2,1,0],"11":[1,1,1],"12":[1,0],"13":[1,1]},"f":{"1":2,"2":1,"3":1,"4":1},"fnMap":{"1":{"name":"(anonymous_1)","line":2,"loc":{"start":{"line":2,"column":46},"end":{"line":2,"column":87}}},"2":{"name":"(anonymous_2)","line":8,"loc":{"start":{"line":8,"column":46},"end":{"line":8,"column":62}}},"3":{"name":"(anonymous_3)","line":13,"loc":{"start":{"line":13,"column":23},"end":{"line":13,"column":35}}},"4":{"name":"NavbarComponent","line":14,"loc":{"start":{"line":14,"column":4},"end":{"line":14,"column":31}}}},"statementMap":{"1":{"start":{"line":2,"column":0},"end":{"line":7,"column":2}},"2":{"start":{"line":3,"column":4},"end":{"line":3,"column":129}},"3":{"start":{"line":4,"column":4},"end":{"line":5,"column":150}},"4":{"start":{"line":4,"column":79},"end":{"line":4,"column":131}},"5":{"start":{"line":5,"column":9},"end":{"line":5,"column":150}},"6":{"start":{"line":5,"column":58},"end":{"line":5,"column":150}},"7":{"start":{"line":5,"column":81},"end":{"line":5,"column":150}},"8":{"start":{"line":6,"column":4},"end":{"line":6,"column":66}},"9":{"start":{"line":8,"column":0},"end":{"line":10,"column":2}},"10":{"start":{"line":9,"column":4},"end":{"line":9,"column":109}},"11":{"start":{"line":9,"column":79},"end":{"line":9,"column":109}},"12":{"start":{"line":11,"column":0},"end":{"line":11,"column":62}},"13":{"start":{"line":12,"column":0},"end":{"line":12,"column":38}},"14":{"start":{"line":13,"column":0},"end":{"line":17,"column":5}},"15":{"start":{"line":14,"column":4},"end":{"line":15,"column":5}},"16":{"start":{"line":16,"column":4},"end":{"line":16,"column":27}},"17":{"start":{"line":18,"column":0},"end":{"line":21,"column":47}},"18":{"start":{"line":22,"column":0},"end":{"line":29,"column":20}},"19":{"start":{"line":30,"column":0},"end":{"line":30,"column":42}}},"branchMap":{"1":{"line":2,"type":"binary-expr","locations":[{"start":{"line":2,"column":18},"end":{"line":2,"column":22}},{"start":{"line":2,"column":26},"end":{"line":2,"column":41}},{"start":{"line":2,"column":46},"end":{"line":7,"column":1}}]},"2":{"line":3,"type":"cond-expr","locations":[{"start":{"line":3,"column":42},"end":{"line":3,"column":48}},{"start":{"line":3,"column":51},"end":{"line":3,"column":125}}]},"3":{"line":3,"type":"cond-expr","locations":[{"start":{"line":3,"column":67},"end":{"line":3,"column":118}},{"start":{"line":3,"column":121},"end":{"line":3,"column":125}}]},"4":{"line":4,"type":"if","locations":[{"start":{"line":4,"column":4},"end":{"line":4,"column":4}},{"start":{"line":4,"column":4},"end":{"line":4,"column":4}}]},"5":{"line":4,"type":"binary-expr","locations":[{"start":{"line":4,"column":8},"end":{"line":4,"column":35}},{"start":{"line":4,"column":39},"end":{"line":4,"column":77}}]},"6":{"line":5,"type":"if","locations":[{"start":{"line":5,"column":58},"end":{"line":5,"column":58}},{"start":{"line":5,"column":58},"end":{"line":5,"column":58}}]},"7":{"line":5,"type":"binary-expr","locations":[{"start":{"line":5,"column":86},"end":{"line":5,"column":143}},{"start":{"line":5,"column":148},"end":{"line":5,"column":149}}]},"8":{"line":5,"type":"cond-expr","locations":[{"start":{"line":5,"column":94},"end":{"line":5,"column":98}},{"start":{"line":5,"column":101},"end":{"line":5,"column":143}}]},"9":{"line":5,"type":"cond-expr","locations":[{"start":{"line":5,"column":109},"end":{"line":5,"column":126}},{"start":{"line":5,"column":129},"end":{"line":5,"column":143}}]},"10":{"line":6,"type":"binary-expr","locations":[{"start":{"line":6,"column":11},"end":{"line":6,"column":16}},{"start":{"line":6,"column":20},"end":{"line":6,"column":21}},{"start":{"line":6,"column":25},"end":{"line":6,"column":62}}]},"11":{"line":8,"type":"binary-expr","locations":[{"start":{"line":8,"column":18},"end":{"line":8,"column":22}},{"start":{"line":8,"column":26},"end":{"line":8,"column":41}},{"start":{"line":8,"column":46},"end":{"line":10,"column":1}}]},"12":{"line":9,"type":"if","locations":[{"start":{"line":9,"column":4},"end":{"line":9,"column":4}},{"start":{"line":9,"column":4},"end":{"line":9,"column":4}}]},"13":{"line":9,"type":"binary-expr","locations":[{"start":{"line":9,"column":8},"end":{"line":9,"column":35}},{"start":{"line":9,"column":39},"end":{"line":9,"column":77}}]}},"l":{"2":1,"3":2,"4":2,"5":3,"6":2,"8":1,"9":1,"11":1,"12":1,"13":1,"14":1,"16":1,"18":1,"22":1,"30":1}},
"C:\\Users\\x\\Desktop\\mui2\\angular-starter-master\\src\\tmp\\app\\shared\\navbar\\navbar.module.js":{"path":"C:\\Users\\x\\Desktop\\mui2\\angular-starter-master\\src\\tmp\\app\\shared\\navbar\\navbar.module.js","s":{"1":1,"2":1,"3":1,"4":0,"5":1,"6":1,"7":1,"8":1,"9":1,"10":1,"11":1,"12":1,"13":1,"14":1,"15":1,"16":1,"17":1},"b":{"1":[1,1,1],"2":[1,0],"3":[0,0],"4":[0,1],"5":[1,1],"6":[1,0],"7":[1,0],"8":[1,0],"9":[0,0],"10":[1,0,0]},"f":{"1":1,"2":1,"3":0},"fnMap":{"1":{"name":"(anonymous_1)","line":2,"loc":{"start":{"line":2,"column":46},"end":{"line":2,"column":87}}},"2":{"name":"(anonymous_2)","line":12,"loc":{"start":{"line":12,"column":20},"end":{"line":12,"column":32}}},"3":{"name":"NavbarModule","line":13,"loc":{"start":{"line":13,"column":4},"end":{"line":13,"column":28}}}},"statementMap":{"1":{"start":{"line":2,"column":0},"end":{"line":7,"column":2}},"2":{"start":{"line":3,"column":4},"end":{"line":3,"column":129}},"3":{"start":{"line":4,"column":4},"end":{"line":5,"column":150}},"4":{"start":{"line":4,"column":79},"end":{"line":4,"column":131}},"5":{"start":{"line":5,"column":9},"end":{"line":5,"column":150}},"6":{"start":{"line":5,"column":58},"end":{"line":5,"column":150}},"7":{"start":{"line":5,"column":81},"end":{"line":5,"column":150}},"8":{"start":{"line":6,"column":4},"end":{"line":6,"column":66}},"9":{"start":{"line":8,"column":0},"end":{"line":8,"column":62}},"10":{"start":{"line":9,"column":0},"end":{"line":9,"column":38}},"11":{"start":{"line":10,"column":0},"end":{"line":10,"column":42}},"12":{"start":{"line":11,"column":0},"end":{"line":11,"column":33}},"13":{"start":{"line":12,"column":0},"end":{"line":16,"column":5}},"14":{"start":{"line":13,"column":4},"end":{"line":14,"column":5}},"15":{"start":{"line":15,"column":4},"end":{"line":15,"column":24}},"16":{"start":{"line":17,"column":0},"end":{"line":29,"column":17}},"17":{"start":{"line":30,"column":0},"end":{"line":30,"column":36}}},"branchMap":{"1":{"line":2,"type":"binary-expr","locations":[{"start":{"line":2,"column":18},"end":{"line":2,"column":22}},{"start":{"line":2,"column":26},"end":{"line":2,"column":41}},{"start":{"line":2,"column":46},"end":{"line":7,"column":1}}]},"2":{"line":3,"type":"cond-expr","locations":[{"start":{"line":3,"column":42},"end":{"line":3,"column":48}},{"start":{"line":3,"column":51},"end":{"line":3,"column":125}}]},"3":{"line":3,"type":"cond-expr","locations":[{"start":{"line":3,"column":67},"end":{"line":3,"column":118}},{"start":{"line":3,"column":121},"end":{"line":3,"column":125}}]},"4":{"line":4,"type":"if","locations":[{"start":{"line":4,"column":4},"end":{"line":4,"column":4}},{"start":{"line":4,"column":4},"end":{"line":4,"column":4}}]},"5":{"line":4,"type":"binary-expr","locations":[{"start":{"line":4,"column":8},"end":{"line":4,"column":35}},{"start":{"line":4,"column":39},"end":{"line":4,"column":77}}]},"6":{"line":5,"type":"if","locations":[{"start":{"line":5,"column":58},"end":{"line":5,"column":58}},{"start":{"line":5,"column":58},"end":{"line":5,"column":58}}]},"7":{"line":5,"type":"binary-expr","locations":[{"start":{"line":5,"column":86},"end":{"line":5,"column":143}},{"start":{"line":5,"column":148},"end":{"line":5,"column":149}}]},"8":{"line":5,"type":"cond-expr","locations":[{"start":{"line":5,"column":94},"end":{"line":5,"column":98}},{"start":{"line":5,"column":101},"end":{"line":5,"column":143}}]},"9":{"line":5,"type":"cond-expr","locations":[{"start":{"line":5,"column":109},"end":{"line":5,"column":126}},{"start":{"line":5,"column":129},"end":{"line":5,"column":143}}]},"10":{"line":6,"type":"binary-expr","locations":[{"start":{"line":6,"column":11},"end":{"line":6,"column":16}},{"start":{"line":6,"column":20},"end":{"line":6,"column":21}},{"start":{"line":6,"column":25},"end":{"line":6,"column":62}}]}},"l":{"2":1,"3":1,"4":1,"5":1,"6":1,"8":1,"9":1,"10":1,"11":1,"12":1,"13":1,"15":1,"17":1,"30":1}},
"C:\\Users\\x\\Desktop\\mui2\\angular-starter-master\\src\\tmp\\app\\todolist\\index.js":{"path":"C:\\Users\\x\\Desktop\\mui2\\angular-starter-master\\src\\tmp\\app\\todolist\\index.js","s":{"1":1,"2":5,"3":5,"4":5,"5":1,"6":1,"7":1,"8":1,"9":1,"10":1},"b":{"1":[5,0]},"f":{"1":5},"fnMap":{"1":{"name":"__export","line":2,"loc":{"start":{"line":2,"column":0},"end":{"line":2,"column":21}}}},"statementMap":{"1":{"start":{"line":2,"column":0},"end":{"line":4,"column":1}},"2":{"start":{"line":3,"column":4},"end":{"line":3,"column":71}},"3":{"start":{"line":3,"column":21},"end":{"line":3,"column":71}},"4":{"start":{"line":3,"column":53},"end":{"line":3,"column":71}},"5":{"start":{"line":5,"column":0},"end":{"line":5,"column":62}},"6":{"start":{"line":6,"column":0},"end":{"line":6,"column":34}},"7":{"start":{"line":7,"column":0},"end":{"line":7,"column":42}},"8":{"start":{"line":8,"column":0},"end":{"line":8,"column":39}},"9":{"start":{"line":9,"column":0},"end":{"line":9,"column":45}},"10":{"start":{"line":10,"column":0},"end":{"line":10,"column":39}}},"branchMap":{"1":{"line":3,"type":"if","locations":[{"start":{"line":3,"column":21},"end":{"line":3,"column":21}},{"start":{"line":3,"column":21},"end":{"line":3,"column":21}}]}},"l":{"2":1,"3":5,"5":1,"6":1,"7":1,"8":1,"9":1,"10":1}},
"C:\\Users\\x\\Desktop\\mui2\\angular-starter-master\\src\\tmp\\app\\todolist\\todolist.component.js":{"path":"C:\\Users\\x\\Desktop\\mui2\\angular-starter-master\\src\\tmp\\app\\todolist\\todolist.component.js","s":{"1":1,"2":1,"3":1,"4":0,"5":1,"6":2,"7":2,"8":1,"9":1,"10":1,"11":1,"12":1,"13":1,"14":1,"15":1,"16":1,"17":3,"18":3,"19":3,"20":1,"21":1,"22":1,"23":1,"24":1,"25":2,"26":1,"27":1,"28":1},"b":{"1":[1,1,1],"2":[1,0],"3":[0,0],"4":[0,1],"5":[1,1],"6":[2,0],"7":[2,1],"8":[2,0],"9":[0,0],"10":[1,0,0],"11":[1,1,1],"12":[1,0],"13":[1,1]},"f":{"1":1,"2":1,"3":1,"4":3,"5":1,"6":1,"7":2},"fnMap":{"1":{"name":"(anonymous_1)","line":2,"loc":{"start":{"line":2,"column":46},"end":{"line":2,"column":87}}},"2":{"name":"(anonymous_2)","line":8,"loc":{"start":{"line":8,"column":46},"end":{"line":8,"column":62}}},"3":{"name":"(anonymous_3)","line":14,"loc":{"start":{"line":14,"column":25},"end":{"line":14,"column":37}}},"4":{"name":"TodolistComponent","line":15,"loc":{"start":{"line":15,"column":4},"end":{"line":15,"column":33}}},"5":{"name":"(anonymous_5)","line":23,"loc":{"start":{"line":23,"column":42},"end":{"line":23,"column":54}}},"6":{"name":"(anonymous_6)","line":27,"loc":{"start":{"line":27,"column":42},"end":{"line":27,"column":63}}},"7":{"name":"(anonymous_7)","line":28,"loc":{"start":{"line":28,"column":37},"end":{"line":28,"column":60}}}},"statementMap":{"1":{"start":{"line":2,"column":0},"end":{"line":7,"column":2}},"2":{"start":{"line":3,"column":4},"end":{"line":3,"column":129}},"3":{"start":{"line":4,"column":4},"end":{"line":5,"column":150}},"4":{"start":{"line":4,"column":79},"end":{"line":4,"column":131}},"5":{"start":{"line":5,"column":9},"end":{"line":5,"column":150}},"6":{"start":{"line":5,"column":58},"end":{"line":5,"column":150}},"7":{"start":{"line":5,"column":81},"end":{"line":5,"column":150}},"8":{"start":{"line":6,"column":4},"end":{"line":6,"column":66}},"9":{"start":{"line":8,"column":0},"end":{"line":10,"column":2}},"10":{"start":{"line":9,"column":4},"end":{"line":9,"column":109}},"11":{"start":{"line":9,"column":79},"end":{"line":9,"column":109}},"12":{"start":{"line":11,"column":0},"end":{"line":11,"column":62}},"13":{"start":{"line":12,"column":0},"end":{"line":12,"column":38}},"14":{"start":{"line":13,"column":0},"end":{"line":13,"column":43}},"15":{"start":{"line":14,"column":0},"end":{"line":31,"column":5}},"16":{"start":{"line":15,"column":4},"end":{"line":22,"column":5}},"17":{"start":{"line":16,"column":8},"end":{"line":16,"column":34}},"18":{"start":{"line":17,"column":8},"end":{"line":17,"column":68}},"19":{"start":{"line":18,"column":8},"end":{"line":21,"column":10}},"20":{"start":{"line":23,"column":4},"end":{"line":26,"column":6}},"21":{"start":{"line":24,"column":8},"end":{"line":24,"column":73}},"22":{"start":{"line":25,"column":8},"end":{"line":25,"column":26}},"23":{"start":{"line":27,"column":4},"end":{"line":29,"column":6}},"24":{"start":{"line":28,"column":8},"end":{"line":28,"column":93}},"25":{"start":{"line":28,"column":62},"end":{"line":28,"column":89}},"26":{"start":{"line":30,"column":4},"end":{"line":30,"column":29}},"27":{"start":{"line":32,"column":0},"end":{"line":39,"column":22}},"28":{"start":{"line":40,"column":0},"end":{"line":40,"column":46}}},"branchMap":{"1":{"line":2,"type":"binary-expr","locations":[{"start":{"line":2,"column":18},"end":{"line":2,"column":22}},{"start":{"line":2,"column":26},"end":{"line":2,"column":41}},{"start":{"line":2,"column":46},"end":{"line":7,"column":1}}]},"2":{"line":3,"type":"cond-expr","locations":[{"start":{"line":3,"column":42},"end":{"line":3,"column":48}},{"start":{"line":3,"column":51},"end":{"line":3,"column":125}}]},"3":{"line":3,"type":"cond-expr","locations":[{"start":{"line":3,"column":67},"end":{"line":3,"column":118}},{"start":{"line":3,"column":121},"end":{"line":3,"column":125}}]},"4":{"line":4,"type":"if","locations":[{"start":{"line":4,"column":4},"end":{"line":4,"column":4}},{"start":{"line":4,"column":4},"end":{"line":4,"column":4}}]},"5":{"line":4,"type":"binary-expr","locations":[{"start":{"line":4,"column":8},"end":{"line":4,"column":35}},{"start":{"line":4,"column":39},"end":{"line":4,"column":77}}]},"6":{"line":5,"type":"if","locations":[{"start":{"line":5,"column":58},"end":{"line":5,"column":58}},{"start":{"line":5,"column":58},"end":{"line":5,"column":58}}]},"7":{"line":5,"type":"binary-expr","locations":[{"start":{"line":5,"column":86},"end":{"line":5,"column":143}},{"start":{"line":5,"column":148},"end":{"line":5,"column":149}}]},"8":{"line":5,"type":"cond-expr","locations":[{"start":{"line":5,"column":94},"end":{"line":5,"column":98}},{"start":{"line":5,"column":101},"end":{"line":5,"column":143}}]},"9":{"line":5,"type":"cond-expr","locations":[{"start":{"line":5,"column":109},"end":{"line":5,"column":126}},{"start":{"line":5,"column":129},"end":{"line":5,"column":143}}]},"10":{"line":6,"type":"binary-expr","locations":[{"start":{"line":6,"column":11},"end":{"line":6,"column":16}},{"start":{"line":6,"column":20},"end":{"line":6,"column":21}},{"start":{"line":6,"column":25},"end":{"line":6,"column":62}}]},"11":{"line":8,"type":"binary-expr","locations":[{"start":{"line":8,"column":18},"end":{"line":8,"column":22}},{"start":{"line":8,"column":26},"end":{"line":8,"column":41}},{"start":{"line":8,"column":46},"end":{"line":10,"column":1}}]},"12":{"line":9,"type":"if","locations":[{"start":{"line":9,"column":4},"end":{"line":9,"column":4}},{"start":{"line":9,"column":4},"end":{"line":9,"column":4}}]},"13":{"line":9,"type":"binary-expr","locations":[{"start":{"line":9,"column":8},"end":{"line":9,"column":35}},{"start":{"line":9,"column":39},"end":{"line":9,"column":77}}]}},"l":{"2":1,"3":1,"4":1,"5":2,"6":1,"8":1,"9":1,"11":1,"12":1,"13":1,"14":1,"15":1,"16":3,"17":3,"18":3,"23":1,"24":1,"25":1,"27":1,"28":2,"30":1,"32":1,"40":1}},
"C:\\Users\\x\\Desktop\\mui2\\angular-starter-master\\src\\tmp\\app\\todolist\\todolist.routes.js":{"path":"C:\\Users\\x\\Desktop\\mui2\\angular-starter-master\\src\\tmp\\app\\todolist\\todolist.routes.js","s":{"1":1,"2":1,"3":1,"4":1,"5":1},"b":{},"f":{},"fnMap":{},"statementMap":{"1":{"start":{"line":2,"column":0},"end":{"line":2,"column":62}},"2":{"start":{"line":3,"column":0},"end":{"line":3,"column":42}},"3":{"start":{"line":4,"column":0},"end":{"line":4,"column":59}},"4":{"start":{"line":5,"column":0},"end":{"line":7,"column":2}},"5":{"start":{"line":8,"column":0},"end":{"line":8,"column":69}}},"branchMap":{},"l":{"2":1,"3":1,"4":1,"5":1,"8":1}},
"C:\\Users\\x\\Desktop\\mui2\\angular-starter-master\\src\\tmp\\app\\todolist\\todolist.module.js":{"path":"C:\\Users\\x\\Desktop\\mui2\\angular-starter-master\\src\\tmp\\app\\todolist\\todolist.module.js","s":{"1":1,"2":1,"3":1,"4":0,"5":1,"6":1,"7":1,"8":1,"9":1,"10":1,"11":1,"12":1,"13":1,"14":1,"15":1,"16":1,"17":1,"18":1},"b":{"1":[1,1,1],"2":[1,0],"3":[0,0],"4":[0,1],"5":[1,1],"6":[1,0],"7":[1,0],"8":[1,0],"9":[0,0],"10":[1,0,0]},"f":{"1":1,"2":1,"3":3},"fnMap":{"1":{"name":"(anonymous_1)","line":2,"loc":{"start":{"line":2,"column":46},"end":{"line":2,"column":87}}},"2":{"name":"(anonymous_2)","line":14,"loc":{"start":{"line":14,"column":22},"end":{"line":14,"column":34}}},"3":{"name":"TodolistModule","line":15,"loc":{"start":{"line":15,"column":4},"end":{"line":15,"column":30}}}},"statementMap":{"1":{"start":{"line":2,"column":0},"end":{"line":7,"column":2}},"2":{"start":{"line":3,"column":4},"end":{"line":3,"column":129}},"3":{"start":{"line":4,"column":4},"end":{"line":5,"column":150}},"4":{"start":{"line":4,"column":79},"end":{"line":4,"column":131}},"5":{"start":{"line":5,"column":9},"end":{"line":5,"column":150}},"6":{"start":{"line":5,"column":58},"end":{"line":5,"column":150}},"7":{"start":{"line":5,"column":81},"end":{"line":5,"column":150}},"8":{"start":{"line":6,"column":4},"end":{"line":6,"column":66}},"9":{"start":{"line":8,"column":0},"end":{"line":8,"column":62}},"10":{"start":{"line":9,"column":0},"end":{"line":9,"column":38}},"11":{"start":{"line":10,"column":0},"end":{"line":10,"column":42}},"12":{"start":{"line":12,"column":0},"end":{"line":12,"column":40}},"13":{"start":{"line":13,"column":0},"end":{"line":13,"column":33}},"14":{"start":{"line":14,"column":0},"end":{"line":18,"column":5}},"15":{"start":{"line":15,"column":4},"end":{"line":16,"column":5}},"16":{"start":{"line":17,"column":4},"end":{"line":17,"column":26}},"17":{"start":{"line":19,"column":0},"end":{"line":36,"column":19}},"18":{"start":{"line":37,"column":0},"end":{"line":37,"column":40}}},"branchMap":{"1":{"line":2,"type":"binary-expr","locations":[{"start":{"line":2,"column":18},"end":{"line":2,"column":22}},{"start":{"line":2,"column":26},"end":{"line":2,"column":41}},{"start":{"line":2,"column":46},"end":{"line":7,"column":1}}]},"2":{"line":3,"type":"cond-expr","locations":[{"start":{"line":3,"column":42},"end":{"line":3,"column":48}},{"start":{"line":3,"column":51},"end":{"line":3,"column":125}}]},"3":{"line":3,"type":"cond-expr","locations":[{"start":{"line":3,"column":67},"end":{"line":3,"column":118}},{"start":{"line":3,"column":121},"end":{"line":3,"column":125}}]},"4":{"line":4,"type":"if","locations":[{"start":{"line":4,"column":4},"end":{"line":4,"column":4}},{"start":{"line":4,"column":4},"end":{"line":4,"column":4}}]},"5":{"line":4,"type":"binary-expr","locations":[{"start":{"line":4,"column":8},"end":{"line":4,"column":35}},{"start":{"line":4,"column":39},"end":{"line":4,"column":77}}]},"6":{"line":5,"type":"if","locations":[{"start":{"line":5,"column":58},"end":{"line":5,"column":58}},{"start":{"line":5,"column":58},"end":{"line":5,"column":58}}]},"7":{"line":5,"type":"binary-expr","locations":[{"start":{"line":5,"column":86},"end":{"line":5,"column":143}},{"start":{"line":5,"column":148},"end":{"line":5,"column":149}}]},"8":{"line":5,"type":"cond-expr","locations":[{"start":{"line":5,"column":94},"end":{"line":5,"column":98}},{"start":{"line":5,"column":101},"end":{"line":5,"column":143}}]},"9":{"line":5,"type":"cond-expr","locations":[{"start":{"line":5,"column":109},"end":{"line":5,"column":126}},{"start":{"line":5,"column":129},"end":{"line":5,"column":143}}]},"10":{"line":6,"type":"binary-expr","locations":[{"start":{"line":6,"column":11},"end":{"line":6,"column":16}},{"start":{"line":6,"column":20},"end":{"line":6,"column":21}},{"start":{"line":6,"column":25},"end":{"line":6,"column":62}}]}},"l":{"2":1,"3":1,"4":1,"5":1,"6":1,"8":1,"9":1,"10":1,"12":1,"13":1,"14":1,"15":1,"17":1,"19":1,"37":1}}}
